[2018-03-15 09:34:30] production.ERROR: RuntimeException: The only supported ciphers are AES-128-CBC and AES-256-CBC with the correct key lengths. in C:\xampp\htdocs\votaciones\vendor\laravel\framework\src\Illuminate\Encryption\Encrypter.php:43
Stack trace:
#0 C:\xampp\htdocs\votaciones\vendor\laravel\framework\src\Illuminate\Encryption\EncryptionServiceProvider.php(27): Illuminate\Encryption\Encrypter->__construct('', 'AES-256-CBC')
#1 C:\xampp\htdocs\votaciones\vendor\laravel\framework\src\Illuminate\Container\Container.php(718): Illuminate\Encryption\EncryptionServiceProvider->Illuminate\Encryption\{closure}(Object(Illuminate\Foundation\Application), Array)
#2 C:\xampp\htdocs\votaciones\vendor\laravel\framework\src\Illuminate\Container\Container.php(600): Illuminate\Container\Container->build(Object(Closure))
#3 C:\xampp\htdocs\votaciones\vendor\laravel\framework\src\Illuminate\Container\Container.php(567): Illuminate\Container\Container->resolve('encrypter')
#4 C:\xampp\htdocs\votaciones\vendor\laravel\framework\src\Illuminate\Foundation\Application.php(708): Illuminate\Container\Container->make('encrypter')
#5 C:\xampp\htdocs\votaciones\vendor\laravel\framework\src\Illuminate\Container\Container.php(854): Illuminate\Foundation\Application->make('encrypter')
#6 C:\xampp\htdocs\votaciones\vendor\laravel\framework\src\Illuminate\Container\Container.php(782): Illuminate\Container\Container->resolveClass(Object(ReflectionParameter))
#7 C:\xampp\htdocs\votaciones\vendor\laravel\framework\src\Illuminate\Container\Container.php(749): Illuminate\Container\Container->resolveDependencies(Array)
#8 C:\xampp\htdocs\votaciones\vendor\laravel\framework\src\Illuminate\Container\Container.php(600): Illuminate\Container\Container->build('App\\Http\\Middle...')
#9 C:\xampp\htdocs\votaciones\vendor\laravel\framework\src\Illuminate\Container\Container.php(567): Illuminate\Container\Container->resolve('App\\Http\\Middle...')
#10 C:\xampp\htdocs\votaciones\vendor\laravel\framework\src\Illuminate\Foundation\Application.php(708): Illuminate\Container\Container->make('App\\Http\\Middle...')
#11 C:\xampp\htdocs\votaciones\vendor\laravel\framework\src\Illuminate\Pipeline\Pipeline.php(138): Illuminate\Foundation\Application->make('App\\Http\\Middle...')
#12 C:\xampp\htdocs\votaciones\vendor\laravel\framework\src\Illuminate\Routing\Pipeline.php(53): Illuminate\Pipeline\Pipeline->Illuminate\Pipeline\{closure}(Object(Illuminate\Http\Request))
#13 C:\xampp\htdocs\votaciones\vendor\laravel\framework\src\Illuminate\Pipeline\Pipeline.php(102): Illuminate\Routing\Pipeline->Illuminate\Routing\{closure}(Object(Illuminate\Http\Request))
#14 C:\xampp\htdocs\votaciones\vendor\laravel\framework\src\Illuminate\Routing\Router.php(567): Illuminate\Pipeline\Pipeline->then(Object(Closure))
#15 C:\xampp\htdocs\votaciones\vendor\laravel\framework\src\Illuminate\Routing\Router.php(526): Illuminate\Routing\Router->runRouteWithinStack(Object(Illuminate\Routing\Route), Object(Illuminate\Http\Request))
#16 C:\xampp\htdocs\votaciones\vendor\laravel\framework\src\Illuminate\Routing\Router.php(504): Illuminate\Routing\Router->dispatchToRoute(Object(Illuminate\Http\Request))
#17 C:\xampp\htdocs\votaciones\vendor\laravel\framework\src\Illuminate\Foundation\Http\Kernel.php(174): Illuminate\Routing\Router->dispatch(Object(Illuminate\Http\Request))
#18 C:\xampp\htdocs\votaciones\vendor\laravel\framework\src\Illuminate\Routing\Pipeline.php(30): Illuminate\Foundation\Http\Kernel->Illuminate\Foundation\Http\{closure}(Object(Illuminate\Http\Request))
#19 C:\xampp\htdocs\votaciones\vendor\laravel\framework\src\Illuminate\Foundation\Http\Middleware\TransformsRequest.php(30): Illuminate\Routing\Pipeline->Illuminate\Routing\{closure}(Object(Illuminate\Http\Request))
#20 C:\xampp\htdocs\votaciones\vendor\laravel\framework\src\Illuminate\Pipeline\Pipeline.php(148): Illuminate\Foundation\Http\Middleware\TransformsRequest->handle(Object(Illuminate\Http\Request), Object(Closure))
#21 C:\xampp\htdocs\votaciones\vendor\laravel\framework\src\Illuminate\Routing\Pipeline.php(53): Illuminate\Pipeline\Pipeline->Illuminate\Pipeline\{closure}(Object(Illuminate\Http\Request))
#22 C:\xampp\htdocs\votaciones\vendor\laravel\framework\src\Illuminate\Foundation\Http\Middleware\TransformsRequest.php(30): Illuminate\Routing\Pipeline->Illuminate\Routing\{closure}(Object(Illuminate\Http\Request))
#23 C:\xampp\htdocs\votaciones\vendor\laravel\framework\src\Illuminate\Pipeline\Pipeline.php(148): Illuminate\Foundation\Http\Middleware\TransformsRequest->handle(Object(Illuminate\Http\Request), Object(Closure))
#24 C:\xampp\htdocs\votaciones\vendor\laravel\framework\src\Illuminate\Routing\Pipeline.php(53): Illuminate\Pipeline\Pipeline->Illuminate\Pipeline\{closure}(Object(Illuminate\Http\Request))
#25 C:\xampp\htdocs\votaciones\vendor\laravel\framework\src\Illuminate\Foundation\Http\Middleware\ValidatePostSize.php(27): Illuminate\Routing\Pipeline->Illuminate\Routing\{closure}(Object(Illuminate\Http\Request))
#26 C:\xampp\htdocs\votaciones\vendor\laravel\framework\src\Illuminate\Pipeline\Pipeline.php(148): Illuminate\Foundation\Http\Middleware\ValidatePostSize->handle(Object(Illuminate\Http\Request), Object(Closure))
#27 C:\xampp\htdocs\votaciones\vendor\laravel\framework\src\Illuminate\Routing\Pipeline.php(53): Illuminate\Pipeline\Pipeline->Illuminate\Pipeline\{closure}(Object(Illuminate\Http\Request))
#28 C:\xampp\htdocs\votaciones\vendor\laravel\framework\src\Illuminate\Foundation\Http\Middleware\CheckForMaintenanceMode.php(46): Illuminate\Routing\Pipeline->Illuminate\Routing\{closure}(Object(Illuminate\Http\Request))
#29 C:\xampp\htdocs\votaciones\vendor\laravel\framework\src\Illuminate\Pipeline\Pipeline.php(148): Illuminate\Foundation\Http\Middleware\CheckForMaintenanceMode->handle(Object(Illuminate\Http\Request), Object(Closure))
#30 C:\xampp\htdocs\votaciones\vendor\laravel\framework\src\Illuminate\Routing\Pipeline.php(53): Illuminate\Pipeline\Pipeline->Illuminate\Pipeline\{closure}(Object(Illuminate\Http\Request))
#31 C:\xampp\htdocs\votaciones\vendor\laravel\framework\src\Illuminate\Pipeline\Pipeline.php(102): Illuminate\Routing\Pipeline->Illuminate\Routing\{closure}(Object(Illuminate\Http\Request))
#32 C:\xampp\htdocs\votaciones\vendor\laravel\framework\src\Illuminate\Foundation\Http\Kernel.php(149): Illuminate\Pipeline\Pipeline->then(Object(Closure))
#33 C:\xampp\htdocs\votaciones\vendor\laravel\framework\src\Illuminate\Foundation\Http\Kernel.php(116): Illuminate\Foundation\Http\Kernel->sendRequestThroughRouter(Object(Illuminate\Http\Request))
#34 C:\xampp\htdocs\votaciones\public\index.php(53): Illuminate\Foundation\Http\Kernel->handle(Object(Illuminate\Http\Request))
#35 {main}  
[2018-03-15 09:34:30] production.ERROR: RuntimeException: The only supported ciphers are AES-128-CBC and AES-256-CBC with the correct key lengths. in C:\xampp\htdocs\votaciones\vendor\laravel\framework\src\Illuminate\Encryption\Encrypter.php:43
Stack trace:
#0 C:\xampp\htdocs\votaciones\vendor\laravel\framework\src\Illuminate\Encryption\EncryptionServiceProvider.php(27): Illuminate\Encryption\Encrypter->__construct('', 'AES-256-CBC')
#1 C:\xampp\htdocs\votaciones\vendor\laravel\framework\src\Illuminate\Container\Container.php(718): Illuminate\Encryption\EncryptionServiceProvider->Illuminate\Encryption\{closure}(Object(Illuminate\Foundation\Application), Array)
#2 C:\xampp\htdocs\votaciones\vendor\laravel\framework\src\Illuminate\Container\Container.php(600): Illuminate\Container\Container->build(Object(Closure))
#3 C:\xampp\htdocs\votaciones\vendor\laravel\framework\src\Illuminate\Container\Container.php(567): Illuminate\Container\Container->resolve('encrypter')
#4 C:\xampp\htdocs\votaciones\vendor\laravel\framework\src\Illuminate\Foundation\Application.php(708): Illuminate\Container\Container->make('encrypter')
#5 C:\xampp\htdocs\votaciones\vendor\laravel\framework\src\Illuminate\Container\Container.php(854): Illuminate\Foundation\Application->make('encrypter')
#6 C:\xampp\htdocs\votaciones\vendor\laravel\framework\src\Illuminate\Container\Container.php(782): Illuminate\Container\Container->resolveClass(Object(ReflectionParameter))
#7 C:\xampp\htdocs\votaciones\vendor\laravel\framework\src\Illuminate\Container\Container.php(749): Illuminate\Container\Container->resolveDependencies(Array)
#8 C:\xampp\htdocs\votaciones\vendor\laravel\framework\src\Illuminate\Container\Container.php(600): Illuminate\Container\Container->build('App\\Http\\Middle...')
#9 C:\xampp\htdocs\votaciones\vendor\laravel\framework\src\Illuminate\Container\Container.php(567): Illuminate\Container\Container->resolve('App\\Http\\Middle...')
#10 C:\xampp\htdocs\votaciones\vendor\laravel\framework\src\Illuminate\Foundation\Application.php(708): Illuminate\Container\Container->make('App\\Http\\Middle...')
#11 C:\xampp\htdocs\votaciones\vendor\laravel\framework\src\Illuminate\Foundation\Http\Kernel.php(213): Illuminate\Foundation\Application->make('App\\Http\\Middle...')
#12 C:\xampp\htdocs\votaciones\vendor\laravel\framework\src\Illuminate\Foundation\Http\Kernel.php(187): Illuminate\Foundation\Http\Kernel->terminateMiddleware(Object(Illuminate\Http\Request), Object(Illuminate\Http\Response))
#13 C:\xampp\htdocs\votaciones\public\index.php(58): Illuminate\Foundation\Http\Kernel->terminate(Object(Illuminate\Http\Request), Object(Illuminate\Http\Response))
#14 {main}  
[2018-03-15 09:34:36] production.ERROR: RuntimeException: The only supported ciphers are AES-128-CBC and AES-256-CBC with the correct key lengths. in C:\xampp\htdocs\votaciones\vendor\laravel\framework\src\Illuminate\Encryption\Encrypter.php:43
Stack trace:
#0 C:\xampp\htdocs\votaciones\vendor\laravel\framework\src\Illuminate\Encryption\EncryptionServiceProvider.php(27): Illuminate\Encryption\Encrypter->__construct('', 'AES-256-CBC')
#1 C:\xampp\htdocs\votaciones\vendor\laravel\framework\src\Illuminate\Container\Container.php(718): Illuminate\Encryption\EncryptionServiceProvider->Illuminate\Encryption\{closure}(Object(Illuminate\Foundation\Application), Array)
#2 C:\xampp\htdocs\votaciones\vendor\laravel\framework\src\Illuminate\Container\Container.php(600): Illuminate\Container\Container->build(Object(Closure))
#3 C:\xampp\htdocs\votaciones\vendor\laravel\framework\src\Illuminate\Container\Container.php(567): Illuminate\Container\Container->resolve('encrypter')
#4 C:\xampp\htdocs\votaciones\vendor\laravel\framework\src\Illuminate\Foundation\Application.php(708): Illuminate\Container\Container->make('encrypter')
#5 C:\xampp\htdocs\votaciones\vendor\laravel\framework\src\Illuminate\Container\Container.php(854): Illuminate\Foundation\Application->make('encrypter')
#6 C:\xampp\htdocs\votaciones\vendor\laravel\framework\src\Illuminate\Container\Container.php(782): Illuminate\Container\Container->resolveClass(Object(ReflectionParameter))
#7 C:\xampp\htdocs\votaciones\vendor\laravel\framework\src\Illuminate\Container\Container.php(749): Illuminate\Container\Container->resolveDependencies(Array)
#8 C:\xampp\htdocs\votaciones\vendor\laravel\framework\src\Illuminate\Container\Container.php(600): Illuminate\Container\Container->build('App\\Http\\Middle...')
#9 C:\xampp\htdocs\votaciones\vendor\laravel\framework\src\Illuminate\Container\Container.php(567): Illuminate\Container\Container->resolve('App\\Http\\Middle...')
#10 C:\xampp\htdocs\votaciones\vendor\laravel\framework\src\Illuminate\Foundation\Application.php(708): Illuminate\Container\Container->make('App\\Http\\Middle...')
#11 C:\xampp\htdocs\votaciones\vendor\laravel\framework\src\Illuminate\Pipeline\Pipeline.php(138): Illuminate\Foundation\Application->make('App\\Http\\Middle...')
#12 C:\xampp\htdocs\votaciones\vendor\laravel\framework\src\Illuminate\Routing\Pipeline.php(53): Illuminate\Pipeline\Pipeline->Illuminate\Pipeline\{closure}(Object(Illuminate\Http\Request))
#13 C:\xampp\htdocs\votaciones\vendor\laravel\framework\src\Illuminate\Pipeline\Pipeline.php(102): Illuminate\Routing\Pipeline->Illuminate\Routing\{closure}(Object(Illuminate\Http\Request))
#14 C:\xampp\htdocs\votaciones\vendor\laravel\framework\src\Illuminate\Routing\Router.php(567): Illuminate\Pipeline\Pipeline->then(Object(Closure))
#15 C:\xampp\htdocs\votaciones\vendor\laravel\framework\src\Illuminate\Routing\Router.php(526): Illuminate\Routing\Router->runRouteWithinStack(Object(Illuminate\Routing\Route), Object(Illuminate\Http\Request))
#16 C:\xampp\htdocs\votaciones\vendor\laravel\framework\src\Illuminate\Routing\Router.php(504): Illuminate\Routing\Router->dispatchToRoute(Object(Illuminate\Http\Request))
#17 C:\xampp\htdocs\votaciones\vendor\laravel\framework\src\Illuminate\Foundation\Http\Kernel.php(174): Illuminate\Routing\Router->dispatch(Object(Illuminate\Http\Request))
#18 C:\xampp\htdocs\votaciones\vendor\laravel\framework\src\Illuminate\Routing\Pipeline.php(30): Illuminate\Foundation\Http\Kernel->Illuminate\Foundation\Http\{closure}(Object(Illuminate\Http\Request))
#19 C:\xampp\htdocs\votaciones\vendor\laravel\framework\src\Illuminate\Foundation\Http\Middleware\TransformsRequest.php(30): Illuminate\Routing\Pipeline->Illuminate\Routing\{closure}(Object(Illuminate\Http\Request))
#20 C:\xampp\htdocs\votaciones\vendor\laravel\framework\src\Illuminate\Pipeline\Pipeline.php(148): Illuminate\Foundation\Http\Middleware\TransformsRequest->handle(Object(Illuminate\Http\Request), Object(Closure))
#21 C:\xampp\htdocs\votaciones\vendor\laravel\framework\src\Illuminate\Routing\Pipeline.php(53): Illuminate\Pipeline\Pipeline->Illuminate\Pipeline\{closure}(Object(Illuminate\Http\Request))
#22 C:\xampp\htdocs\votaciones\vendor\laravel\framework\src\Illuminate\Foundation\Http\Middleware\TransformsRequest.php(30): Illuminate\Routing\Pipeline->Illuminate\Routing\{closure}(Object(Illuminate\Http\Request))
#23 C:\xampp\htdocs\votaciones\vendor\laravel\framework\src\Illuminate\Pipeline\Pipeline.php(148): Illuminate\Foundation\Http\Middleware\TransformsRequest->handle(Object(Illuminate\Http\Request), Object(Closure))
#24 C:\xampp\htdocs\votaciones\vendor\laravel\framework\src\Illuminate\Routing\Pipeline.php(53): Illuminate\Pipeline\Pipeline->Illuminate\Pipeline\{closure}(Object(Illuminate\Http\Request))
#25 C:\xampp\htdocs\votaciones\vendor\laravel\framework\src\Illuminate\Foundation\Http\Middleware\ValidatePostSize.php(27): Illuminate\Routing\Pipeline->Illuminate\Routing\{closure}(Object(Illuminate\Http\Request))
#26 C:\xampp\htdocs\votaciones\vendor\laravel\framework\src\Illuminate\Pipeline\Pipeline.php(148): Illuminate\Foundation\Http\Middleware\ValidatePostSize->handle(Object(Illuminate\Http\Request), Object(Closure))
#27 C:\xampp\htdocs\votaciones\vendor\laravel\framework\src\Illuminate\Routing\Pipeline.php(53): Illuminate\Pipeline\Pipeline->Illuminate\Pipeline\{closure}(Object(Illuminate\Http\Request))
#28 C:\xampp\htdocs\votaciones\vendor\laravel\framework\src\Illuminate\Foundation\Http\Middleware\CheckForMaintenanceMode.php(46): Illuminate\Routing\Pipeline->Illuminate\Routing\{closure}(Object(Illuminate\Http\Request))
#29 C:\xampp\htdocs\votaciones\vendor\laravel\framework\src\Illuminate\Pipeline\Pipeline.php(148): Illuminate\Foundation\Http\Middleware\CheckForMaintenanceMode->handle(Object(Illuminate\Http\Request), Object(Closure))
#30 C:\xampp\htdocs\votaciones\vendor\laravel\framework\src\Illuminate\Routing\Pipeline.php(53): Illuminate\Pipeline\Pipeline->Illuminate\Pipeline\{closure}(Object(Illuminate\Http\Request))
#31 C:\xampp\htdocs\votaciones\vendor\laravel\framework\src\Illuminate\Pipeline\Pipeline.php(102): Illuminate\Routing\Pipeline->Illuminate\Routing\{closure}(Object(Illuminate\Http\Request))
#32 C:\xampp\htdocs\votaciones\vendor\laravel\framework\src\Illuminate\Foundation\Http\Kernel.php(149): Illuminate\Pipeline\Pipeline->then(Object(Closure))
#33 C:\xampp\htdocs\votaciones\vendor\laravel\framework\src\Illuminate\Foundation\Http\Kernel.php(116): Illuminate\Foundation\Http\Kernel->sendRequestThroughRouter(Object(Illuminate\Http\Request))
#34 C:\xampp\htdocs\votaciones\public\index.php(53): Illuminate\Foundation\Http\Kernel->handle(Object(Illuminate\Http\Request))
#35 {main}  
[2018-03-15 09:34:36] production.ERROR: RuntimeException: The only supported ciphers are AES-128-CBC and AES-256-CBC with the correct key lengths. in C:\xampp\htdocs\votaciones\vendor\laravel\framework\src\Illuminate\Encryption\Encrypter.php:43
Stack trace:
#0 C:\xampp\htdocs\votaciones\vendor\laravel\framework\src\Illuminate\Encryption\EncryptionServiceProvider.php(27): Illuminate\Encryption\Encrypter->__construct('', 'AES-256-CBC')
#1 C:\xampp\htdocs\votaciones\vendor\laravel\framework\src\Illuminate\Container\Container.php(718): Illuminate\Encryption\EncryptionServiceProvider->Illuminate\Encryption\{closure}(Object(Illuminate\Foundation\Application), Array)
#2 C:\xampp\htdocs\votaciones\vendor\laravel\framework\src\Illuminate\Container\Container.php(600): Illuminate\Container\Container->build(Object(Closure))
#3 C:\xampp\htdocs\votaciones\vendor\laravel\framework\src\Illuminate\Container\Container.php(567): Illuminate\Container\Container->resolve('encrypter')
#4 C:\xampp\htdocs\votaciones\vendor\laravel\framework\src\Illuminate\Foundation\Application.php(708): Illuminate\Container\Container->make('encrypter')
#5 C:\xampp\htdocs\votaciones\vendor\laravel\framework\src\Illuminate\Container\Container.php(854): Illuminate\Foundation\Application->make('encrypter')
#6 C:\xampp\htdocs\votaciones\vendor\laravel\framework\src\Illuminate\Container\Container.php(782): Illuminate\Container\Container->resolveClass(Object(ReflectionParameter))
#7 C:\xampp\htdocs\votaciones\vendor\laravel\framework\src\Illuminate\Container\Container.php(749): Illuminate\Container\Container->resolveDependencies(Array)
#8 C:\xampp\htdocs\votaciones\vendor\laravel\framework\src\Illuminate\Container\Container.php(600): Illuminate\Container\Container->build('App\\Http\\Middle...')
#9 C:\xampp\htdocs\votaciones\vendor\laravel\framework\src\Illuminate\Container\Container.php(567): Illuminate\Container\Container->resolve('App\\Http\\Middle...')
#10 C:\xampp\htdocs\votaciones\vendor\laravel\framework\src\Illuminate\Foundation\Application.php(708): Illuminate\Container\Container->make('App\\Http\\Middle...')
#11 C:\xampp\htdocs\votaciones\vendor\laravel\framework\src\Illuminate\Foundation\Http\Kernel.php(213): Illuminate\Foundation\Application->make('App\\Http\\Middle...')
#12 C:\xampp\htdocs\votaciones\vendor\laravel\framework\src\Illuminate\Foundation\Http\Kernel.php(187): Illuminate\Foundation\Http\Kernel->terminateMiddleware(Object(Illuminate\Http\Request), Object(Illuminate\Http\Response))
#13 C:\xampp\htdocs\votaciones\public\index.php(58): Illuminate\Foundation\Http\Kernel->terminate(Object(Illuminate\Http\Request), Object(Illuminate\Http\Response))
#14 {main}  
[2018-03-21 14:39:38] local.ERROR: InvalidArgumentException: View [basicmanage.cargo.cargo] not found. in C:\xampp\htdocs\votaciones\vendor\laravel\framework\src\Illuminate\View\FileViewFinder.php:137
Stack trace:
#0 C:\xampp\htdocs\votaciones\vendor\laravel\framework\src\Illuminate\View\FileViewFinder.php(79): Illuminate\View\FileViewFinder->findInPaths('basicmanage.car...', Array)
#1 C:\xampp\htdocs\votaciones\vendor\laravel\framework\src\Illuminate\View\Factory.php(128): Illuminate\View\FileViewFinder->find('basicmanage.car...')
#2 C:\xampp\htdocs\votaciones\vendor\laravel\framework\src\Illuminate\Foundation\helpers.php(921): Illuminate\View\Factory->make('basicmanage.car...', Array, Array)
#3 C:\xampp\htdocs\votaciones\routes\web.php(19): view('basicmanage.car...')
#4 C:\xampp\htdocs\votaciones\vendor\laravel\framework\src\Illuminate\Routing\Route.php(189): Illuminate\Routing\Router->{closure}('basicmanage.car...')
#5 C:\xampp\htdocs\votaciones\vendor\laravel\framework\src\Illuminate\Routing\Route.php(163): Illuminate\Routing\Route->runCallable()
#6 C:\xampp\htdocs\votaciones\vendor\laravel\framework\src\Illuminate\Routing\Router.php(565): Illuminate\Routing\Route->run()
#7 C:\xampp\htdocs\votaciones\vendor\laravel\framework\src\Illuminate\Routing\Pipeline.php(30): Illuminate\Routing\Router->Illuminate\Routing\{closure}(Object(Illuminate\Http\Request))
#8 C:\xampp\htdocs\votaciones\vendor\laravel\framework\src\Illuminate\Routing\Middleware\SubstituteBindings.php(41): Illuminate\Routing\Pipeline->Illuminate\Routing\{closure}(Object(Illuminate\Http\Request))
#9 C:\xampp\htdocs\votaciones\vendor\laravel\framework\src\Illuminate\Pipeline\Pipeline.php(148): Illuminate\Routing\Middleware\SubstituteBindings->handle(Object(Illuminate\Http\Request), Object(Closure))
#10 C:\xampp\htdocs\votaciones\vendor\laravel\framework\src\Illuminate\Routing\Pipeline.php(53): Illuminate\Pipeline\Pipeline->Illuminate\Pipeline\{closure}(Object(Illuminate\Http\Request))
#11 C:\xampp\htdocs\votaciones\vendor\laravel\framework\src\Illuminate\Foundation\Http\Middleware\VerifyCsrfToken.php(65): Illuminate\Routing\Pipeline->Illuminate\Routing\{closure}(Object(Illuminate\Http\Request))
#12 C:\xampp\htdocs\votaciones\vendor\laravel\framework\src\Illuminate\Pipeline\Pipeline.php(148): Illuminate\Foundation\Http\Middleware\VerifyCsrfToken->handle(Object(Illuminate\Http\Request), Object(Closure))
#13 C:\xampp\htdocs\votaciones\vendor\laravel\framework\src\Illuminate\Routing\Pipeline.php(53): Illuminate\Pipeline\Pipeline->Illuminate\Pipeline\{closure}(Object(Illuminate\Http\Request))
#14 C:\xampp\htdocs\votaciones\vendor\laravel\framework\src\Illuminate\View\Middleware\ShareErrorsFromSession.php(49): Illuminate\Routing\Pipeline->Illuminate\Routing\{closure}(Object(Illuminate\Http\Request))
#15 C:\xampp\htdocs\votaciones\vendor\laravel\framework\src\Illuminate\Pipeline\Pipeline.php(148): Illuminate\View\Middleware\ShareErrorsFromSession->handle(Object(Illuminate\Http\Request), Object(Closure))
#16 C:\xampp\htdocs\votaciones\vendor\laravel\framework\src\Illuminate\Routing\Pipeline.php(53): Illuminate\Pipeline\Pipeline->Illuminate\Pipeline\{closure}(Object(Illuminate\Http\Request))
#17 C:\xampp\htdocs\votaciones\vendor\laravel\framework\src\Illuminate\Session\Middleware\StartSession.php(64): Illuminate\Routing\Pipeline->Illuminate\Routing\{closure}(Object(Illuminate\Http\Request))
#18 C:\xampp\htdocs\votaciones\vendor\laravel\framework\src\Illuminate\Pipeline\Pipeline.php(148): Illuminate\Session\Middleware\StartSession->handle(Object(Illuminate\Http\Request), Object(Closure))
#19 C:\xampp\htdocs\votaciones\vendor\laravel\framework\src\Illuminate\Routing\Pipeline.php(53): Illuminate\Pipeline\Pipeline->Illuminate\Pipeline\{closure}(Object(Illuminate\Http\Request))
#20 C:\xampp\htdocs\votaciones\vendor\laravel\framework\src\Illuminate\Cookie\Middleware\AddQueuedCookiesToResponse.php(37): Illuminate\Routing\Pipeline->Illuminate\Routing\{closure}(Object(Illuminate\Http\Request))
#21 C:\xampp\htdocs\votaciones\vendor\laravel\framework\src\Illuminate\Pipeline\Pipeline.php(148): Illuminate\Cookie\Middleware\AddQueuedCookiesToResponse->handle(Object(Illuminate\Http\Request), Object(Closure))
#22 C:\xampp\htdocs\votaciones\vendor\laravel\framework\src\Illuminate\Routing\Pipeline.php(53): Illuminate\Pipeline\Pipeline->Illuminate\Pipeline\{closure}(Object(Illuminate\Http\Request))
#23 C:\xampp\htdocs\votaciones\vendor\laravel\framework\src\Illuminate\Cookie\Middleware\EncryptCookies.php(59): Illuminate\Routing\Pipeline->Illuminate\Routing\{closure}(Object(Illuminate\Http\Request))
#24 C:\xampp\htdocs\votaciones\vendor\laravel\framework\src\Illuminate\Pipeline\Pipeline.php(148): Illuminate\Cookie\Middleware\EncryptCookies->handle(Object(Illuminate\Http\Request), Object(Closure))
#25 C:\xampp\htdocs\votaciones\vendor\laravel\framework\src\Illuminate\Routing\Pipeline.php(53): Illuminate\Pipeline\Pipeline->Illuminate\Pipeline\{closure}(Object(Illuminate\Http\Request))
#26 C:\xampp\htdocs\votaciones\vendor\laravel\framework\src\Illuminate\Pipeline\Pipeline.php(102): Illuminate\Routing\Pipeline->Illuminate\Routing\{closure}(Object(Illuminate\Http\Request))
#27 C:\xampp\htdocs\votaciones\vendor\laravel\framework\src\Illuminate\Routing\Router.php(567): Illuminate\Pipeline\Pipeline->then(Object(Closure))
#28 C:\xampp\htdocs\votaciones\vendor\laravel\framework\src\Illuminate\Routing\Router.php(526): Illuminate\Routing\Router->runRouteWithinStack(Object(Illuminate\Routing\Route), Object(Illuminate\Http\Request))
#29 C:\xampp\htdocs\votaciones\vendor\laravel\framework\src\Illuminate\Routing\Router.php(504): Illuminate\Routing\Router->dispatchToRoute(Object(Illuminate\Http\Request))
#30 C:\xampp\htdocs\votaciones\vendor\laravel\framework\src\Illuminate\Foundation\Http\Kernel.php(174): Illuminate\Routing\Router->dispatch(Object(Illuminate\Http\Request))
#31 C:\xampp\htdocs\votaciones\vendor\laravel\framework\src\Illuminate\Routing\Pipeline.php(30): Illuminate\Foundation\Http\Kernel->Illuminate\Foundation\Http\{closure}(Object(Illuminate\Http\Request))
#32 C:\xampp\htdocs\votaciones\vendor\laravel\framework\src\Illuminate\Foundation\Http\Middleware\TransformsRequest.php(30): Illuminate\Routing\Pipeline->Illuminate\Routing\{closure}(Object(Illuminate\Http\Request))
#33 C:\xampp\htdocs\votaciones\vendor\laravel\framework\src\Illuminate\Pipeline\Pipeline.php(148): Illuminate\Foundation\Http\Middleware\TransformsRequest->handle(Object(Illuminate\Http\Request), Object(Closure))
#34 C:\xampp\htdocs\votaciones\vendor\laravel\framework\src\Illuminate\Routing\Pipeline.php(53): Illuminate\Pipeline\Pipeline->Illuminate\Pipeline\{closure}(Object(Illuminate\Http\Request))
#35 C:\xampp\htdocs\votaciones\vendor\laravel\framework\src\Illuminate\Foundation\Http\Middleware\TransformsRequest.php(30): Illuminate\Routing\Pipeline->Illuminate\Routing\{closure}(Object(Illuminate\Http\Request))
#36 C:\xampp\htdocs\votaciones\vendor\laravel\framework\src\Illuminate\Pipeline\Pipeline.php(148): Illuminate\Foundation\Http\Middleware\TransformsRequest->handle(Object(Illuminate\Http\Request), Object(Closure))
#37 C:\xampp\htdocs\votaciones\vendor\laravel\framework\src\Illuminate\Routing\Pipeline.php(53): Illuminate\Pipeline\Pipeline->Illuminate\Pipeline\{closure}(Object(Illuminate\Http\Request))
#38 C:\xampp\htdocs\votaciones\vendor\laravel\framework\src\Illuminate\Foundation\Http\Middleware\ValidatePostSize.php(27): Illuminate\Routing\Pipeline->Illuminate\Routing\{closure}(Object(Illuminate\Http\Request))
#39 C:\xampp\htdocs\votaciones\vendor\laravel\framework\src\Illuminate\Pipeline\Pipeline.php(148): Illuminate\Foundation\Http\Middleware\ValidatePostSize->handle(Object(Illuminate\Http\Request), Object(Closure))
#40 C:\xampp\htdocs\votaciones\vendor\laravel\framework\src\Illuminate\Routing\Pipeline.php(53): Illuminate\Pipeline\Pipeline->Illuminate\Pipeline\{closure}(Object(Illuminate\Http\Request))
#41 C:\xampp\htdocs\votaciones\vendor\laravel\framework\src\Illuminate\Foundation\Http\Middleware\CheckForMaintenanceMode.php(46): Illuminate\Routing\Pipeline->Illuminate\Routing\{closure}(Object(Illuminate\Http\Request))
#42 C:\xampp\htdocs\votaciones\vendor\laravel\framework\src\Illuminate\Pipeline\Pipeline.php(148): Illuminate\Foundation\Http\Middleware\CheckForMaintenanceMode->handle(Object(Illuminate\Http\Request), Object(Closure))
#43 C:\xampp\htdocs\votaciones\vendor\laravel\framework\src\Illuminate\Routing\Pipeline.php(53): Illuminate\Pipeline\Pipeline->Illuminate\Pipeline\{closure}(Object(Illuminate\Http\Request))
#44 C:\xampp\htdocs\votaciones\vendor\laravel\framework\src\Illuminate\Pipeline\Pipeline.php(102): Illuminate\Routing\Pipeline->Illuminate\Routing\{closure}(Object(Illuminate\Http\Request))
#45 C:\xampp\htdocs\votaciones\vendor\laravel\framework\src\Illuminate\Foundation\Http\Kernel.php(149): Illuminate\Pipeline\Pipeline->then(Object(Closure))
#46 C:\xampp\htdocs\votaciones\vendor\laravel\framework\src\Illuminate\Foundation\Http\Kernel.php(116): Illuminate\Foundation\Http\Kernel->sendRequestThroughRouter(Object(Illuminate\Http\Request))
#47 C:\xampp\htdocs\votaciones\public\index.php(53): Illuminate\Foundation\Http\Kernel->handle(Object(Illuminate\Http\Request))
#48 {main}  
